SF:lib/models/favourites.dart
DA:7,2
DA:9,0
DA:10,0
DA:11,0
DA:14,0
DA:15,0
DA:16,0
LF:7
LH:1
end_of_record
SF:lib/screens/home.dart
DA:10,1
DA:13,1
DA:15,1
DA:16,1
DA:18,1
DA:19,1
DA:20,0
DA:21,0
DA:28,1
DA:32,2
DA:39,1
DA:42,1
DA:44,1
DA:46,1
DA:48,1
DA:49,1
DA:50,4
DA:52,1
DA:53,2
DA:54,3
DA:56,1
DA:57,3
DA:58,3
DA:61,0
DA:62,0
DA:63,0
DA:64,0
DA:65,0
DA:66,0
DA:67,0
LF:30
LH:21
end_of_record
SF:lib/screens/favourites.dart
DA:8,0
DA:11,0
DA:13,0
DA:14,0
DA:17,0
DA:18,0
DA:19,0
DA:20,0
DA:22,0
DA:30,0
DA:33,0
DA:35,0
DA:37,0
DA:38,0
DA:39,0
DA:41,0
DA:42,0
DA:43,0
DA:45,0
DA:46,0
DA:48,0
DA:49,0
DA:50,0
LF:23
LH:0
end_of_record
